Copyright 1986-2019 Xilinx, Inc. All Rights Reserved.
------------------------------------------------------------------------------------
| Tool Version : Vivado v.2019.1 (win64) Build 2552052 Fri May 24 14:49:42 MDT 2019
| Date         : Fri Nov 22 17:10:48 2019
| Host         : LAPTOP-QEVL8JVR running 64-bit major release  (build 9200)
| Command      : report_control_sets -verbose -file lab8_3_control_sets_placed.rpt
| Design       : lab8_3
| Device       : xc7a100t
------------------------------------------------------------------------------------

Control Set Information

Table of Contents
-----------------
1. Summary
2. Histogram
3. Flip-Flop Distribution
4. Detailed Control Set Information

1. Summary
----------

+----------------------------------------------------------+-------+
|                          Status                          | Count |
+----------------------------------------------------------+-------+
| Total control sets                                       |     6 |
|    Minimum number of control sets                        |     6 |
|    Addition due to synthesis replication                 |     0 |
|    Addition due to physical synthesis replication        |     0 |
| Unused register locations in slices containing registers |    23 |
+----------------------------------------------------------+-------+
* Control sets can be merged at opt_design using control_set_merge or merge_equivalent_drivers
** Run report_qor_suggestions for automated merging and remapping suggestions


2. Histogram
------------

+--------------------+-------+
|       Fanout       | Count |
+--------------------+-------+
| Total control sets |     6 |
| >= 0 to < 4        |     1 |
| >= 4 to < 6        |     0 |
| >= 6 to < 8        |     0 |
| >= 8 to < 10       |     2 |
| >= 10 to < 12      |     0 |
| >= 12 to < 14      |     0 |
| >= 14 to < 16      |     0 |
| >= 16              |     3 |
+--------------------+-------+
* Control sets can be remapped at either synth_design or opt_design


3. Flip-Flop Distribution
-------------------------

+--------------+-----------------------+------------------------+-----------------+--------------+
| Clock Enable | Synchronous Set/Reset | Asynchronous Set/Reset | Total Registers | Total Slices |
+--------------+-----------------------+------------------------+-----------------+--------------+
| No           | No                    | No                     |              26 |            7 |
| No           | No                    | Yes                    |               0 |            0 |
| No           | Yes                   | No                     |               1 |            1 |
| Yes          | No                    | No                     |               0 |            0 |
| Yes          | No                    | Yes                    |               8 |            3 |
| Yes          | Yes                   | No                     |              54 |           14 |
+--------------+-----------------------+------------------------+-----------------+--------------+


4. Detailed Control Set Information
-----------------------------------

+----------------+-------------------+-------------------+------------------+----------------+
|  Clock Signal  |   Enable Signal   |  Set/Reset Signal | Slice Load Count | Bel Load Count |
+----------------+-------------------+-------------------+------------------+----------------+
|  clk_IBUF_BUFG |                   | an[0]_i_1_n_0     |                1 |              1 |
|                |                   |                   |                2 |              8 |
|  clk_IBUF_BUFG | cnt[7]_i_1_n_0    | rst_IBUF          |                3 |              8 |
|  clk_IBUF_BUFG |                   |                   |                7 |             26 |
|  clk_IBUF_BUFG | clean0[0]_i_2_n_0 | clean0[0]_i_1_n_0 |                7 |             27 |
|  clk_IBUF_BUFG | sel               | clear             |                7 |             27 |
+----------------+-------------------+-------------------+------------------+----------------+


