
*** Running vivado
    with args -log cnt.vds -m64 -product Vivado -mode batch -messageDb vivado.pb -notrace -source cnt.tcl


****** Vivado v2019.1 (64-bit)
  **** SW Build 2552052 on Fri May 24 14:49:42 MDT 2019
  **** IP Build 2548770 on Fri May 24 18:01:18 MDT 2019
    ** Copyright 1986-2019 Xilinx, Inc. All Rights Reserved.

source cnt.tcl -notrace
Command: synth_design -top cnt -part xc7a100tcsg324-1
Starting synth_design
Attempting to get a license for feature 'Synthesis' and/or device 'xc7a100t'
INFO: [Common 17-349] Got license for feature 'Synthesis' and/or device 'xc7a100t'
INFO: [Device 21-403] Loading part xc7a100tcsg324-1
INFO: Launching helper process for spawning children vivado processes
INFO: Helper process launched with PID 26420 
---------------------------------------------------------------------------------
Starting RTL Elaboration : Time (s): cpu = 00:00:04 ; elapsed = 00:00:04 . Memory (MB): peak = 691.383 ; gain = 178.980
---------------------------------------------------------------------------------
INFO: [Synth 8-6157] synthesizing module 'cnt' [H:/magic_code/lab6_3/lab6_3.srcs/sources_1/new/lab6_3.v:22]
INFO: [Synth 8-6155] done synthesizing module 'cnt' (1#1) [H:/magic_code/lab6_3/lab6_3.srcs/sources_1/new/lab6_3.v:22]
---------------------------------------------------------------------------------
Finished RTL Elaboration : Time (s): cpu = 00:00:05 ; elapsed = 00:00:05 . Memory (MB): peak = 755.320 ; gain = 242.918
---------------------------------------------------------------------------------

Report Check Netlist: 
+------+------------------+-------+---------+-------+------------------+
|      |Item              |Errors |Warnings |Status |Description       |
+------+------------------+-------+---------+-------+------------------+
|1     |multi_driven_nets |      0|        0|Passed |Multi driven nets |
+------+------------------+-------+---------+-------+------------------+
---------------------------------------------------------------------------------
Start Handling Custom Attributes
---------------------------------------------------------------------------------
---------------------------------------------------------------------------------
Finished Handling Custom Attributes : Time (s): cpu = 00:00:05 ; elapsed = 00:00:05 . Memory (MB): peak = 755.320 ; gain = 242.918
---------------------------------------------------------------------------------
---------------------------------------------------------------------------------
Finished RTL Optimization Phase 1 : Time (s): cpu = 00:00:05 ; elapsed = 00:00:05 . Memory (MB): peak = 755.320 ; gain = 242.918
---------------------------------------------------------------------------------
INFO: [Project 1-570] Preparing netlist for logic optimization

Processing XDC Constraints
Initializing timing engine
Parsing XDC File [F:/计算机/模数/Nexys4DDR_Master.xdc]
WARNING: [Vivado 12-584] No ports matched 'rst'. [F:/计算机/模数/Nexys4DDR_Master.xdc:8]
CRITICAL WARNING: [Common 17-55] 'set_property' expects at least one object. [F:/计算机/模数/Nexys4DDR_Master.xdc:8]
Resolution: If [get_<value>] was used to populate the object, check to make sure this command returns at least one valid object.
WARNING: [Vivado 12-584] No ports matched 'sw[7]'. [F:/计算机/模数/Nexys4DDR_Master.xdc:14]
CRITICAL WARNING: [Common 17-55] 'set_property' expects at least one object. [F:/计算机/模数/Nexys4DDR_Master.xdc:14]
Resolution: If [get_<value>] was used to populate the object, check to make sure this command returns at least one valid object.
WARNING: [Vivado 12-584] No ports matched 'sw[6]'. [F:/计算机/模数/Nexys4DDR_Master.xdc:15]
CRITICAL WARNING: [Common 17-55] 'set_property' expects at least one object. [F:/计算机/模数/Nexys4DDR_Master.xdc:15]
Resolution: If [get_<value>] was used to populate the object, check to make sure this command returns at least one valid object.
WARNING: [Vivado 12-584] No ports matched 'sw[5]'. [F:/计算机/模数/Nexys4DDR_Master.xdc:16]
CRITICAL WARNING: [Common 17-55] 'set_property' expects at least one object. [F:/计算机/模数/Nexys4DDR_Master.xdc:16]
Resolution: If [get_<value>] was used to populate the object, check to make sure this command returns at least one valid object.
WARNING: [Vivado 12-584] No ports matched 'sw[4]'. [F:/计算机/模数/Nexys4DDR_Master.xdc:17]
CRITICAL WARNING: [Common 17-55] 'set_property' expects at least one object. [F:/计算机/模数/Nexys4DDR_Master.xdc:17]
Resolution: If [get_<value>] was used to populate the object, check to make sure this command returns at least one valid object.
WARNING: [Vivado 12-584] No ports matched 'sw[3]'. [F:/计算机/模数/Nexys4DDR_Master.xdc:18]
CRITICAL WARNING: [Common 17-55] 'set_property' expects at least one object. [F:/计算机/模数/Nexys4DDR_Master.xdc:18]
Resolution: If [get_<value>] was used to populate the object, check to make sure this command returns at least one valid object.
WARNING: [Vivado 12-584] No ports matched 'sw[2]'. [F:/计算机/模数/Nexys4DDR_Master.xdc:19]
CRITICAL WARNING: [Common 17-55] 'set_property' expects at least one object. [F:/计算机/模数/Nexys4DDR_Master.xdc:19]
Resolution: If [get_<value>] was used to populate the object, check to make sure this command returns at least one valid object.
WARNING: [Vivado 12-584] No ports matched 'sw[1]'. [F:/计算机/模数/Nexys4DDR_Master.xdc:20]
CRITICAL WARNING: [Common 17-55] 'set_property' expects at least one object. [F:/计算机/模数/Nexys4DDR_Master.xdc:20]
Resolution: If [get_<value>] was used to populate the object, check to make sure this command returns at least one valid object.
WARNING: [Vivado 12-584] No ports matched 'sw[0]'. [F:/计算机/模数/Nexys4DDR_Master.xdc:21]
CRITICAL WARNING: [Common 17-55] 'set_property' expects at least one object. [F:/计算机/模数/Nexys4DDR_Master.xdc:21]
Resolution: If [get_<value>] was used to populate the object, check to make sure this command returns at least one valid object.
WARNING: [Vivado 12-584] No ports matched 'sw[8]'. [F:/计算机/模数/Nexys4DDR_Master.xdc:22]
CRITICAL WARNING: [Common 17-55] 'set_property' expects at least one object. [F:/计算机/模数/Nexys4DDR_Master.xdc:22]
Resolution: If [get_<value>] was used to populate the object, check to make sure this command returns at least one valid object.
WARNING: [Vivado 12-584] No ports matched 'sw[9]'. [F:/计算机/模数/Nexys4DDR_Master.xdc:23]
CRITICAL WARNING: [Common 17-55] 'set_property' expects at least one object. [F:/计算机/模数/Nexys4DDR_Master.xdc:23]
Resolution: If [get_<value>] was used to populate the object, check to make sure this command returns at least one valid object.
WARNING: [Vivado 12-584] No ports matched 'sw[10]'. [F:/计算机/模数/Nexys4DDR_Master.xdc:24]
CRITICAL WARNING: [Common 17-55] 'set_property' expects at least one object. [F:/计算机/模数/Nexys4DDR_Master.xdc:24]
Resolution: If [get_<value>] was used to populate the object, check to make sure this command returns at least one valid object.
WARNING: [Vivado 12-584] No ports matched 'sw[11]'. [F:/计算机/模数/Nexys4DDR_Master.xdc:25]
CRITICAL WARNING: [Common 17-55] 'set_property' expects at least one object. [F:/计算机/模数/Nexys4DDR_Master.xdc:25]
Resolution: If [get_<value>] was used to populate the object, check to make sure this command returns at least one valid object.
WARNING: [Vivado 12-584] No ports matched 'sw[12]'. [F:/计算机/模数/Nexys4DDR_Master.xdc:26]
CRITICAL WARNING: [Common 17-55] 'set_property' expects at least one object. [F:/计算机/模数/Nexys4DDR_Master.xdc:26]
Resolution: If [get_<value>] was used to populate the object, check to make sure this command returns at least one valid object.
WARNING: [Vivado 12-584] No ports matched 'sw[13]'. [F:/计算机/模数/Nexys4DDR_Master.xdc:27]
CRITICAL WARNING: [Common 17-55] 'set_property' expects at least one object. [F:/计算机/模数/Nexys4DDR_Master.xdc:27]
Resolution: If [get_<value>] was used to populate the object, check to make sure this command returns at least one valid object.
WARNING: [Vivado 12-584] No ports matched 'sw[14]'. [F:/计算机/模数/Nexys4DDR_Master.xdc:28]
CRITICAL WARNING: [Common 17-55] 'set_property' expects at least one object. [F:/计算机/模数/Nexys4DDR_Master.xdc:28]
Resolution: If [get_<value>] was used to populate the object, check to make sure this command returns at least one valid object.
WARNING: [Vivado 12-584] No ports matched 'sw[15]'. [F:/计算机/模数/Nexys4DDR_Master.xdc:29]
CRITICAL WARNING: [Common 17-55] 'set_property' expects at least one object. [F:/计算机/模数/Nexys4DDR_Master.xdc:29]
Resolution: If [get_<value>] was used to populate the object, check to make sure this command returns at least one valid object.
WARNING: [Vivado 12-584] No ports matched 'led[8]'. [F:/计算机/模数/Nexys4DDR_Master.xdc:41]
CRITICAL WARNING: [Common 17-55] 'set_property' expects at least one object. [F:/计算机/模数/Nexys4DDR_Master.xdc:41]
Resolution: If [get_<value>] was used to populate the object, check to make sure this command returns at least one valid object.
WARNING: [Vivado 12-584] No ports matched 'led[9]'. [F:/计算机/模数/Nexys4DDR_Master.xdc:42]
CRITICAL WARNING: [Common 17-55] 'set_property' expects at least one object. [F:/计算机/模数/Nexys4DDR_Master.xdc:42]
Resolution: If [get_<value>] was used to populate the object, check to make sure this command returns at least one valid object.
WARNING: [Vivado 12-584] No ports matched 'led[10]'. [F:/计算机/模数/Nexys4DDR_Master.xdc:43]
CRITICAL WARNING: [Common 17-55] 'set_property' expects at least one object. [F:/计算机/模数/Nexys4DDR_Master.xdc:43]
Resolution: If [get_<value>] was used to populate the object, check to make sure this command returns at least one valid object.
WARNING: [Vivado 12-584] No ports matched 'led[11]'. [F:/计算机/模数/Nexys4DDR_Master.xdc:44]
CRITICAL WARNING: [Common 17-55] 'set_property' expects at least one object. [F:/计算机/模数/Nexys4DDR_Master.xdc:44]
Resolution: If [get_<value>] was used to populate the object, check to make sure this command returns at least one valid object.
WARNING: [Vivado 12-584] No ports matched 'led[12]'. [F:/计算机/模数/Nexys4DDR_Master.xdc:45]
CRITICAL WARNING: [Common 17-55] 'set_property' expects at least one object. [F:/计算机/模数/Nexys4DDR_Master.xdc:45]
Resolution: If [get_<value>] was used to populate the object, check to make sure this command returns at least one valid object.
WARNING: [Vivado 12-584] No ports matched 'led[13]'. [F:/计算机/模数/Nexys4DDR_Master.xdc:46]
CRITICAL WARNING: [Common 17-55] 'set_property' expects at least one object. [F:/计算机/模数/Nexys4DDR_Master.xdc:46]
Resolution: If [get_<value>] was used to populate the object, check to make sure this command returns at least one valid object.
WARNING: [Vivado 12-584] No ports matched 'led[14]'. [F:/计算机/模数/Nexys4DDR_Master.xdc:47]
CRITICAL WARNING: [Common 17-55] 'set_property' expects at least one object. [F:/计算机/模数/Nexys4DDR_Master.xdc:47]
Resolution: If [get_<value>] was used to populate the object, check to make sure this command returns at least one valid object.
WARNING: [Vivado 12-584] No ports matched 'led[15]'. [F:/计算机/模数/Nexys4DDR_Master.xdc:48]
CRITICAL WARNING: [Common 17-55] 'set_property' expects at least one object. [F:/计算机/模数/Nexys4DDR_Master.xdc:48]
Resolution: If [get_<value>] was used to populate the object, check to make sure this command returns at least one valid object.
WARNING: [Vivado 12-584] No ports matched 'led16_b'. [F:/计算机/模数/Nexys4DDR_Master.xdc:50]
CRITICAL WARNING: [Common 17-55] 'set_property' expects at least one object. [F:/计算机/模数/Nexys4DDR_Master.xdc:50]
Resolution: If [get_<value>] was used to populate the object, check to make sure this command returns at least one valid object.
WARNING: [Vivado 12-584] No ports matched 'led16_g'. [F:/计算机/模数/Nexys4DDR_Master.xdc:51]
CRITICAL WARNING: [Common 17-55] 'set_property' expects at least one object. [F:/计算机/模数/Nexys4DDR_Master.xdc:51]
Resolution: If [get_<value>] was used to populate the object, check to make sure this command returns at least one valid object.
WARNING: [Vivado 12-584] No ports matched 'led16_r'. [F:/计算机/模数/Nexys4DDR_Master.xdc:52]
CRITICAL WARNING: [Common 17-55] 'set_property' expects at least one object. [F:/计算机/模数/Nexys4DDR_Master.xdc:52]
Resolution: If [get_<value>] was used to populate the object, check to make sure this command returns at least one valid object.
WARNING: [Vivado 12-584] No ports matched 'led17_b'. [F:/计算机/模数/Nexys4DDR_Master.xdc:53]
CRITICAL WARNING: [Common 17-55] 'set_property' expects at least one object. [F:/计算机/模数/Nexys4DDR_Master.xdc:53]
Resolution: If [get_<value>] was used to populate the object, check to make sure this command returns at least one valid object.
WARNING: [Vivado 12-584] No ports matched 'led17_g'. [F:/计算机/模数/Nexys4DDR_Master.xdc:54]
CRITICAL WARNING: [Common 17-55] 'set_property' expects at least one object. [F:/计算机/模数/Nexys4DDR_Master.xdc:54]
Resolution: If [get_<value>] was used to populate the object, check to make sure this command returns at least one valid object.
WARNING: [Vivado 12-584] No ports matched 'led17_r'. [F:/计算机/模数/Nexys4DDR_Master.xdc:55]
CRITICAL WARNING: [Common 17-55] 'set_property' expects at least one object. [F:/计算机/模数/Nexys4DDR_Master.xdc:55]
Resolution: If [get_<value>] was used to populate the object, check to make sure this command returns at least one valid object.
WARNING: [Vivado 12-584] No ports matched 'ca'. [F:/计算机/模数/Nexys4DDR_Master.xdc:60]
CRITICAL WARNING: [Common 17-55] 'set_property' expects at least one object. [F:/计算机/模数/Nexys4DDR_Master.xdc:60]
Resolution: If [get_<value>] was used to populate the object, check to make sure this command returns at least one valid object.
WARNING: [Vivado 12-584] No ports matched 'cb'. [F:/计算机/模数/Nexys4DDR_Master.xdc:61]
CRITICAL WARNING: [Common 17-55] 'set_property' expects at least one object. [F:/计算机/模数/Nexys4DDR_Master.xdc:61]
Resolution: If [get_<value>] was used to populate the object, check to make sure this command returns at least one valid object.
WARNING: [Vivado 12-584] No ports matched 'cc'. [F:/计算机/模数/Nexys4DDR_Master.xdc:62]
CRITICAL WARNING: [Common 17-55] 'set_property' expects at least one object. [F:/计算机/模数/Nexys4DDR_Master.xdc:62]
Resolution: If [get_<value>] was used to populate the object, check to make sure this command returns at least one valid object.
WARNING: [Vivado 12-584] No ports matched 'cd'. [F:/计算机/模数/Nexys4DDR_Master.xdc:63]
CRITICAL WARNING: [Common 17-55] 'set_property' expects at least one object. [F:/计算机/模数/Nexys4DDR_Master.xdc:63]
Resolution: If [get_<value>] was used to populate the object, check to make sure this command returns at least one valid object.
WARNING: [Vivado 12-584] No ports matched 'ce'. [F:/计算机/模数/Nexys4DDR_Master.xdc:64]
CRITICAL WARNING: [Common 17-55] 'set_property' expects at least one object. [F:/计算机/模数/Nexys4DDR_Master.xdc:64]
Resolution: If [get_<value>] was used to populate the object, check to make sure this command returns at least one valid object.
WARNING: [Vivado 12-584] No ports matched 'cf'. [F:/计算机/模数/Nexys4DDR_Master.xdc:65]
CRITICAL WARNING: [Common 17-55] 'set_property' expects at least one object. [F:/计算机/模数/Nexys4DDR_Master.xdc:65]
Resolution: If [get_<value>] was used to populate the object, check to make sure this command returns at least one valid object.
WARNING: [Vivado 12-584] No ports matched 'cg'. [F:/计算机/模数/Nexys4DDR_Master.xdc:66]
CRITICAL WARNING: [Common 17-55] 'set_property' expects at least one object. [F:/计算机/模数/Nexys4DDR_Master.xdc:66]
Resolution: If [get_<value>] was used to populate the object, check to make sure this command returns at least one valid object.
WARNING: [Vivado 12-584] No ports matched 'dp'. [F:/计算机/模数/Nexys4DDR_Master.xdc:68]
CRITICAL WARNING: [Common 17-55] 'set_property' expects at least one object. [F:/计算机/模数/Nexys4DDR_Master.xdc:68]
Resolution: If [get_<value>] was used to populate the object, check to make sure this command returns at least one valid object.
WARNING: [Vivado 12-584] No ports matched 'an[0]'. [F:/计算机/模数/Nexys4DDR_Master.xdc:70]
CRITICAL WARNING: [Common 17-55] 'set_property' expects at least one object. [F:/计算机/模数/Nexys4DDR_Master.xdc:70]
Resolution: If [get_<value>] was used to populate the object, check to make sure this command returns at least one valid object.
WARNING: [Vivado 12-584] No ports matched 'an[1]'. [F:/计算机/模数/Nexys4DDR_Master.xdc:71]
CRITICAL WARNING: [Common 17-55] 'set_property' expects at least one object. [F:/计算机/模数/Nexys4DDR_Master.xdc:71]
Resolution: If [get_<value>] was used to populate the object, check to make sure this command returns at least one valid object.
WARNING: [Vivado 12-584] No ports matched 'an[2]'. [F:/计算机/模数/Nexys4DDR_Master.xdc:72]
CRITICAL WARNING: [Common 17-55] 'set_property' expects at least one object. [F:/计算机/模数/Nexys4DDR_Master.xdc:72]
Resolution: If [get_<value>] was used to populate the object, check to make sure this command returns at least one valid object.
WARNING: [Vivado 12-584] No ports matched 'an[3]'. [F:/计算机/模数/Nexys4DDR_Master.xdc:73]
CRITICAL WARNING: [Common 17-55] 'set_property' expects at least one object. [F:/计算机/模数/Nexys4DDR_Master.xdc:73]
Resolution: If [get_<value>] was used to populate the object, check to make sure this command returns at least one valid object.
WARNING: [Vivado 12-584] No ports matched 'an[4]'. [F:/计算机/模数/Nexys4DDR_Master.xdc:74]
CRITICAL WARNING: [Common 17-55] 'set_property' expects at least one object. [F:/计算机/模数/Nexys4DDR_Master.xdc:74]
Resolution: If [get_<value>] was used to populate the object, check to make sure this command returns at least one valid object.
WARNING: [Vivado 12-584] No ports matched 'an[5]'. [F:/计算机/模数/Nexys4DDR_Master.xdc:75]
CRITICAL WARNING: [Common 17-55] 'set_property' expects at least one object. [F:/计算机/模数/Nexys4DDR_Master.xdc:75]
Resolution: If [get_<value>] was used to populate the object, check to make sure this command returns at least one valid object.
WARNING: [Vivado 12-584] No ports matched 'an[6]'. [F:/计算机/模数/Nexys4DDR_Master.xdc:76]
CRITICAL WARNING: [Common 17-55] 'set_property' expects at least one object. [F:/计算机/模数/Nexys4DDR_Master.xdc:76]
Resolution: If [get_<value>] was used to populate the object, check to make sure this command returns at least one valid object.
WARNING: [Vivado 12-584] No ports matched 'an[7]'. [F:/计算机/模数/Nexys4DDR_Master.xdc:77]
CRITICAL WARNING: [Common 17-55] 'set_property' expects at least one object. [F:/计算机/模数/Nexys4DDR_Master.xdc:77]
Resolution: If [get_<value>] was used to populate the object, check to make sure this command returns at least one valid object.
WARNING: [Vivado 12-584] No ports matched 'cpu_resetn'. [F:/计算机/模数/Nexys4DDR_Master.xdc:82]
CRITICAL WARNING: [Common 17-55] 'set_property' expects at least one object. [F:/计算机/模数/Nexys4DDR_Master.xdc:82]
Resolution: If [get_<value>] was used to populate the object, check to make sure this command returns at least one valid object.
WARNING: [Vivado 12-584] No ports matched 'Sch=btnc'. [F:/计算机/模数/Nexys4DDR_Master.xdc:84]
CRITICAL WARNING: [Common 17-55] 'set_property' expects at least one object. [F:/计算机/模数/Nexys4DDR_Master.xdc:84]
Resolution: If [get_<value>] was used to populate the object, check to make sure this command returns at least one valid object.
WARNING: [Vivado 12-584] No ports matched 'btnu'. [F:/计算机/模数/Nexys4DDR_Master.xdc:85]
CRITICAL WARNING: [Common 17-55] 'set_property' expects at least one object. [F:/计算机/模数/Nexys4DDR_Master.xdc:85]
Resolution: If [get_<value>] was used to populate the object, check to make sure this command returns at least one valid object.
WARNING: [Vivado 12-584] No ports matched 'btnl'. [F:/计算机/模数/Nexys4DDR_Master.xdc:86]
CRITICAL WARNING: [Common 17-55] 'set_property' expects at least one object. [F:/计算机/模数/Nexys4DDR_Master.xdc:86]
Resolution: If [get_<value>] was used to populate the object, check to make sure this command returns at least one valid object.
WARNING: [Vivado 12-584] No ports matched 'btnr'. [F:/计算机/模数/Nexys4DDR_Master.xdc:87]
CRITICAL WARNING: [Common 17-55] 'set_property' expects at least one object. [F:/计算机/模数/Nexys4DDR_Master.xdc:87]
Resolution: If [get_<value>] was used to populate the object, check to make sure this command returns at least one valid object.
WARNING: [Vivado 12-584] No ports matched 'btnd'. [F:/计算机/模数/Nexys4DDR_Master.xdc:88]
CRITICAL WARNING: [Common 17-55] 'set_property' expects at least one object. [F:/计算机/模数/Nexys4DDR_Master.xdc:88]
Resolution: If [get_<value>] was used to populate the object, check to make sure this command returns at least one valid object.
WARNING: [Vivado 12-584] No ports matched 'ja[1]'. [F:/计算机/模数/Nexys4DDR_Master.xdc:95]
CRITICAL WARNING: [Common 17-55] 'set_property' expects at least one object. [F:/计算机/模数/Nexys4DDR_Master.xdc:95]
Resolution: If [get_<value>] was used to populate the object, check to make sure this command returns at least one valid object.
WARNING: [Vivado 12-584] No ports matched 'ja[2]'. [F:/计算机/模数/Nexys4DDR_Master.xdc:96]
CRITICAL WARNING: [Common 17-55] 'set_property' expects at least one object. [F:/计算机/模数/Nexys4DDR_Master.xdc:96]
Resolution: If [get_<value>] was used to populate the object, check to make sure this command returns at least one valid object.
WARNING: [Vivado 12-584] No ports matched 'ja[3]'. [F:/计算机/模数/Nexys4DDR_Master.xdc:97]
CRITICAL WARNING: [Common 17-55] 'set_property' expects at least one object. [F:/计算机/模数/Nexys4DDR_Master.xdc:97]
Resolution: If [get_<value>] was used to populate the object, check to make sure this command returns at least one valid object.
WARNING: [Vivado 12-584] No ports matched 'ja[4]'. [F:/计算机/模数/Nexys4DDR_Master.xdc:98]
CRITICAL WARNING: [Common 17-55] 'set_property' expects at least one object. [F:/计算机/模数/Nexys4DDR_Master.xdc:98]
Resolution: If [get_<value>] was used to populate the object, check to make sure this command returns at least one valid object.
WARNING: [Vivado 12-584] No ports matched 'ja[7]'. [F:/计算机/模数/Nexys4DDR_Master.xdc:99]
CRITICAL WARNING: [Common 17-55] 'set_property' expects at least one object. [F:/计算机/模数/Nexys4DDR_Master.xdc:99]
Resolution: If [get_<value>] was used to populate the object, check to make sure this command returns at least one valid object.
WARNING: [Vivado 12-584] No ports matched 'ja[8]'. [F:/计算机/模数/Nexys4DDR_Master.xdc:100]
CRITICAL WARNING: [Common 17-55] 'set_property' expects at least one object. [F:/计算机/模数/Nexys4DDR_Master.xdc:100]
Resolution: If [get_<value>] was used to populate the object, check to make sure this command returns at least one valid object.
WARNING: [Vivado 12-584] No ports matched 'ja[9]'. [F:/计算机/模数/Nexys4DDR_Master.xdc:101]
CRITICAL WARNING: [Common 17-55] 'set_property' expects at least one object. [F:/计算机/模数/Nexys4DDR_Master.xdc:101]
Resolution: If [get_<value>] was used to populate the object, check to make sure this command returns at least one valid object.
WARNING: [Vivado 12-584] No ports matched 'ja[10]'. [F:/计算机/模数/Nexys4DDR_Master.xdc:102]
CRITICAL WARNING: [Common 17-55] 'set_property' expects at least one object. [F:/计算机/模数/Nexys4DDR_Master.xdc:102]
Resolution: If [get_<value>] was used to populate the object, check to make sure this command returns at least one valid object.
WARNING: [Vivado 12-584] No ports matched 'jb[1]'. [F:/计算机/模数/Nexys4DDR_Master.xdc:107]
CRITICAL WARNING: [Common 17-55] 'set_property' expects at least one object. [F:/计算机/模数/Nexys4DDR_Master.xdc:107]
Resolution: If [get_<value>] was used to populate the object, check to make sure this command returns at least one valid object.
WARNING: [Vivado 12-584] No ports matched 'jb[2]'. [F:/计算机/模数/Nexys4DDR_Master.xdc:108]
CRITICAL WARNING: [Common 17-55] 'set_property' expects at least one object. [F:/计算机/模数/Nexys4DDR_Master.xdc:108]
Resolution: If [get_<value>] was used to populate the object, check to make sure this command returns at least one valid object.
WARNING: [Vivado 12-584] No ports matched 'jb[3]'. [F:/计算机/模数/Nexys4DDR_Master.xdc:109]
CRITICAL WARNING: [Common 17-55] 'set_property' expects at least one object. [F:/计算机/模数/Nexys4DDR_Master.xdc:109]
Resolution: If [get_<value>] was used to populate the object, check to make sure this command returns at least one valid object.
WARNING: [Vivado 12-584] No ports matched 'jb[4]'. [F:/计算机/模数/Nexys4DDR_Master.xdc:110]
CRITICAL WARNING: [Common 17-55] 'set_property' expects at least one object. [F:/计算机/模数/Nexys4DDR_Master.xdc:110]
Resolution: If [get_<value>] was used to populate the object, check to make sure this command returns at least one valid object.
WARNING: [Vivado 12-584] No ports matched 'jb[7]'. [F:/计算机/模数/Nexys4DDR_Master.xdc:111]
CRITICAL WARNING: [Common 17-55] 'set_property' expects at least one object. [F:/计算机/模数/Nexys4DDR_Master.xdc:111]
Resolution: If [get_<value>] was used to populate the object, check to make sure this command returns at least one valid object.
WARNING: [Vivado 12-584] No ports matched 'jb[8]'. [F:/计算机/模数/Nexys4DDR_Master.xdc:112]
CRITICAL WARNING: [Common 17-55] 'set_property' expects at least one object. [F:/计算机/模数/Nexys4DDR_Master.xdc:112]
Resolution: If [get_<value>] was used to populate the object, check to make sure this command returns at least one valid object.
WARNING: [Vivado 12-584] No ports matched 'jb[9]'. [F:/计算机/模数/Nexys4DDR_Master.xdc:113]
CRITICAL WARNING: [Common 17-55] 'set_property' expects at least one object. [F:/计算机/模数/Nexys4DDR_Master.xdc:113]
Resolution: If [get_<value>] was used to populate the object, check to make sure this command returns at least one valid object.
WARNING: [Vivado 12-584] No ports matched 'jb[10]'. [F:/计算机/模数/Nexys4DDR_Master.xdc:114]
CRITICAL WARNING: [Common 17-55] 'set_property' expects at least one object. [F:/计算机/模数/Nexys4DDR_Master.xdc:114]
Resolution: If [get_<value>] was used to populate the object, check to make sure this command returns at least one valid object.
WARNING: [Vivado 12-584] No ports matched 'jc[1]'. [F:/计算机/模数/Nexys4DDR_Master.xdc:118]
CRITICAL WARNING: [Common 17-55] 'set_property' expects at least one object. [F:/计算机/模数/Nexys4DDR_Master.xdc:118]
Resolution: If [get_<value>] was used to populate the object, check to make sure this command returns at least one valid object.
WARNING: [Vivado 12-584] No ports matched 'jc[2]'. [F:/计算机/模数/Nexys4DDR_Master.xdc:119]
CRITICAL WARNING: [Common 17-55] 'set_property' expects at least one object. [F:/计算机/模数/Nexys4DDR_Master.xdc:119]
Resolution: If [get_<value>] was used to populate the object, check to make sure this command returns at least one valid object.
WARNING: [Vivado 12-584] No ports matched 'jc[3]'. [F:/计算机/模数/Nexys4DDR_Master.xdc:120]
CRITICAL WARNING: [Common 17-55] 'set_property' expects at least one object. [F:/计算机/模数/Nexys4DDR_Master.xdc:120]
Resolution: If [get_<value>] was used to populate the object, check to make sure this command returns at least one valid object.
WARNING: [Vivado 12-584] No ports matched 'jc[4]'. [F:/计算机/模数/Nexys4DDR_Master.xdc:121]
CRITICAL WARNING: [Common 17-55] 'set_property' expects at least one object. [F:/计算机/模数/Nexys4DDR_Master.xdc:121]
Resolution: If [get_<value>] was used to populate the object, check to make sure this command returns at least one valid object.
WARNING: [Vivado 12-584] No ports matched 'jc[7]'. [F:/计算机/模数/Nexys4DDR_Master.xdc:122]
CRITICAL WARNING: [Common 17-55] 'set_property' expects at least one object. [F:/计算机/模数/Nexys4DDR_Master.xdc:122]
Resolution: If [get_<value>] was used to populate the object, check to make sure this command returns at least one valid object.
WARNING: [Vivado 12-584] No ports matched 'jc[8]'. [F:/计算机/模数/Nexys4DDR_Master.xdc:123]
CRITICAL WARNING: [Common 17-55] 'set_property' expects at least one object. [F:/计算机/模数/Nexys4DDR_Master.xdc:123]
Resolution: If [get_<value>] was used to populate the object, check to make sure this command returns at least one valid object.
WARNING: [Vivado 12-584] No ports matched 'jc[9]'. [F:/计算机/模数/Nexys4DDR_Master.xdc:124]
CRITICAL WARNING: [Common 17-55] 'set_property' expects at least one object. [F:/计算机/模数/Nexys4DDR_Master.xdc:124]
Resolution: If [get_<value>] was used to populate the object, check to make sure this command returns at least one valid object.
WARNING: [Vivado 12-584] No ports matched 'jc[10]'. [F:/计算机/模数/Nexys4DDR_Master.xdc:125]
CRITICAL WARNING: [Common 17-55] 'set_property' expects at least one object. [F:/计算机/模数/Nexys4DDR_Master.xdc:125]
Resolution: If [get_<value>] was used to populate the object, check to make sure this command returns at least one valid object.
WARNING: [Vivado 12-584] No ports matched 'jd[1]'. [F:/计算机/模数/Nexys4DDR_Master.xdc:130]
CRITICAL WARNING: [Common 17-55] 'set_property' expects at least one object. [F:/计算机/模数/Nexys4DDR_Master.xdc:130]
Resolution: If [get_<value>] was used to populate the object, check to make sure this command returns at least one valid object.
WARNING: [Vivado 12-584] No ports matched 'jd[2]'. [F:/计算机/模数/Nexys4DDR_Master.xdc:131]
CRITICAL WARNING: [Common 17-55] 'set_property' expects at least one object. [F:/计算机/模数/Nexys4DDR_Master.xdc:131]
Resolution: If [get_<value>] was used to populate the object, check to make sure this command returns at least one valid object.
WARNING: [Vivado 12-584] No ports matched 'jd[3]'. [F:/计算机/模数/Nexys4DDR_Master.xdc:132]
CRITICAL WARNING: [Common 17-55] 'set_property' expects at least one object. [F:/计算机/模数/Nexys4DDR_Master.xdc:132]
Resolution: If [get_<value>] was used to populate the object, check to make sure this command returns at least one valid object.
WARNING: [Vivado 12-584] No ports matched 'jd[4]'. [F:/计算机/模数/Nexys4DDR_Master.xdc:133]
CRITICAL WARNING: [Common 17-55] 'set_property' expects at least one object. [F:/计算机/模数/Nexys4DDR_Master.xdc:133]
Resolution: If [get_<value>] was used to populate the object, check to make sure this command returns at least one valid object.
WARNING: [Vivado 12-584] No ports matched 'jd[7]'. [F:/计算机/模数/Nexys4DDR_Master.xdc:134]
CRITICAL WARNING: [Common 17-55] 'set_property' expects at least one object. [F:/计算机/模数/Nexys4DDR_Master.xdc:134]
Resolution: If [get_<value>] was used to populate the object, check to make sure this command returns at least one valid object.
WARNING: [Vivado 12-584] No ports matched 'jd[8]'. [F:/计算机/模数/Nexys4DDR_Master.xdc:135]
CRITICAL WARNING: [Common 17-55] 'set_property' expects at least one object. [F:/计算机/模数/Nexys4DDR_Master.xdc:135]
Resolution: If [get_<value>] was used to populate the object, check to make sure this command returns at least one valid object.
WARNING: [Vivado 12-584] No ports matched 'jd[9]'. [F:/计算机/模数/Nexys4DDR_Master.xdc:136]
CRITICAL WARNING: [Common 17-55] 'set_property' expects at least one object. [F:/计算机/模数/Nexys4DDR_Master.xdc:136]
Resolution: If [get_<value>] was used to populate the object, check to make sure this command returns at least one valid object.
WARNING: [Vivado 12-584] No ports matched 'jd[10]'. [F:/计算机/模数/Nexys4DDR_Master.xdc:137]
CRITICAL WARNING: [Common 17-55] 'set_property' expects at least one object. [F:/计算机/模数/Nexys4DDR_Master.xdc:137]
Resolution: If [get_<value>] was used to populate the object, check to make sure this command returns at least one valid object.
WARNING: [Vivado 12-584] No ports matched 'xa_n[1]'. [F:/计算机/模数/Nexys4DDR_Master.xdc:142]
CRITICAL WARNING: [Common 17-55] 'set_property' expects at least one object. [F:/计算机/模数/Nexys4DDR_Master.xdc:142]
Resolution: If [get_<value>] was used to populate the object, check to make sure this command returns at least one valid object.
WARNING: [Vivado 12-584] No ports matched 'xa_p[1]'. [F:/计算机/模数/Nexys4DDR_Master.xdc:143]
CRITICAL WARNING: [Common 17-55] 'set_property' expects at least one object. [F:/计算机/模数/Nexys4DDR_Master.xdc:143]
Resolution: If [get_<value>] was used to populate the object, check to make sure this command returns at least one valid object.
WARNING: [Vivado 12-584] No ports matched 'xa_n[2]'. [F:/计算机/模数/Nexys4DDR_Master.xdc:144]
CRITICAL WARNING: [Common 17-55] 'set_property' expects at least one object. [F:/计算机/模数/Nexys4DDR_Master.xdc:144]
Resolution: If [get_<value>] was used to populate the object, check to make sure this command returns at least one valid object.
WARNING: [Vivado 12-584] No ports matched 'xa_p[2]'. [F:/计算机/模数/Nexys4DDR_Master.xdc:145]
CRITICAL WARNING: [Common 17-55] 'set_property' expects at least one object. [F:/计算机/模数/Nexys4DDR_Master.xdc:145]
Resolution: If [get_<value>] was used to populate the object, check to make sure this command returns at least one valid object.
WARNING: [Vivado 12-584] No ports matched 'xa_n[3]'. [F:/计算机/模数/Nexys4DDR_Master.xdc:146]
CRITICAL WARNING: [Common 17-55] 'set_property' expects at least one object. [F:/计算机/模数/Nexys4DDR_Master.xdc:146]
Resolution: If [get_<value>] was used to populate the object, check to make sure this command returns at least one valid object.
WARNING: [Vivado 12-584] No ports matched 'xa_p[3]'. [F:/计算机/模数/Nexys4DDR_Master.xdc:147]
CRITICAL WARNING: [Common 17-55] 'set_property' expects at least one object. [F:/计算机/模数/Nexys4DDR_Master.xdc:147]
Resolution: If [get_<value>] was used to populate the object, check to make sure this command returns at least one valid object.
WARNING: [Vivado 12-584] No ports matched 'xa_n[4]'. [F:/计算机/模数/Nexys4DDR_Master.xdc:148]
CRITICAL WARNING: [Common 17-55] 'set_property' expects at least one object. [F:/计算机/模数/Nexys4DDR_Master.xdc:148]
Resolution: If [get_<value>] was used to populate the object, check to make sure this command returns at least one valid object.
WARNING: [Vivado 12-584] No ports matched 'xa_p[4]'. [F:/计算机/模数/Nexys4DDR_Master.xdc:149]
CRITICAL WARNING: [Common 17-55] 'set_property' expects at least one object. [F:/计算机/模数/Nexys4DDR_Master.xdc:149]
Resolution: If [get_<value>] was used to populate the object, check to make sure this command returns at least one valid object.
WARNING: [Vivado 12-584] No ports matched 'vga_r[0]'. [F:/计算机/模数/Nexys4DDR_Master.xdc:154]
CRITICAL WARNING: [Common 17-55] 'set_property' expects at least one object. [F:/计算机/模数/Nexys4DDR_Master.xdc:154]
Resolution: If [get_<value>] was used to populate the object, check to make sure this command returns at least one valid object.
WARNING: [Vivado 12-584] No ports matched 'vga_r[1]'. [F:/计算机/模数/Nexys4DDR_Master.xdc:155]
CRITICAL WARNING: [Common 17-55] 'set_property' expects at least one object. [F:/计算机/模数/Nexys4DDR_Master.xdc:155]
Resolution: If [get_<value>] was used to populate the object, check to make sure this command returns at least one valid object.
WARNING: [Vivado 12-584] No ports matched 'vga_r[2]'. [F:/计算机/模数/Nexys4DDR_Master.xdc:156]
CRITICAL WARNING: [Common 17-55] 'set_property' expects at least one object. [F:/计算机/模数/Nexys4DDR_Master.xdc:156]
Resolution: If [get_<value>] was used to populate the object, check to make sure this command returns at least one valid object.
WARNING: [Vivado 12-584] No ports matched 'vga_r[3]'. [F:/计算机/模数/Nexys4DDR_Master.xdc:157]
CRITICAL WARNING: [Common 17-55] 'set_property' expects at least one object. [F:/计算机/模数/Nexys4DDR_Master.xdc:157]
Resolution: If [get_<value>] was used to populate the object, check to make sure this command returns at least one valid object.
WARNING: [Vivado 12-584] No ports matched 'vga_g[0]'. [F:/计算机/模数/Nexys4DDR_Master.xdc:158]
CRITICAL WARNING: [Common 17-55] 'set_property' expects at least one object. [F:/计算机/模数/Nexys4DDR_Master.xdc:158]
Resolution: If [get_<value>] was used to populate the object, check to make sure this command returns at least one valid object.
WARNING: [Vivado 12-584] No ports matched 'vga_g[1]'. [F:/计算机/模数/Nexys4DDR_Master.xdc:159]
CRITICAL WARNING: [Common 17-55] 'set_property' expects at least one object. [F:/计算机/模数/Nexys4DDR_Master.xdc:159]
Resolution: If [get_<value>] was used to populate the object, check to make sure this command returns at least one valid object.
WARNING: [Vivado 12-584] No ports matched 'vga_g[2]'. [F:/计算机/模数/Nexys4DDR_Master.xdc:160]
INFO: [Common 17-14] Message 'Vivado 12-584' appears 100 times and further instances of the messages will be disabled. Use the Tcl command set_msg_config to change the current settings. [F:/计算机/模数/Nexys4DDR_Master.xdc:160]
CRITICAL WARNING: [Common 17-55] 'set_property' expects at least one object. [F:/计算机/模数/Nexys4DDR_Master.xdc:160]
Resolution: If [get_<value>] was used to populate the object, check to make sure this command returns at least one valid object.
Finished Parsing XDC File [F:/计算机/模数/Nexys4DDR_Master.xdc]
INFO: [Project 1-236] Implementation specific constraints were found while reading constraint file [F:/计算机/模数/Nexys4DDR_Master.xdc]. These constraints will be ignored for synthesis but will be used in implementation. Impacted constraints are listed in the file [.Xil/cnt_propImpl.xdc].
Resolution: To avoid this warning, move constraints listed in [.Xil/cnt_propImpl.xdc] to another XDC file and exclude this new file from synthesis with the used_in_synthesis property (File Properties dialog in GUI) and re-run elaboration/synthesis.
Completed Processing XDC Constraints

Netlist sorting complete. Time (s): cpu = 00:00:00 ; elapsed = 00:00:00 . Memory (MB): peak = 837.898 ; gain = 0.000
INFO: [Project 1-111] Unisim Transformation Summary:
No Unisim elements were transformed.

Constraint Validation Runtime : Time (s): cpu = 00:00:00 ; elapsed = 00:00:00.001 . Memory (MB): peak = 837.898 ; gain = 0.000
---------------------------------------------------------------------------------
Finished Constraint Validation : Time (s): cpu = 00:00:11 ; elapsed = 00:00:12 . Memory (MB): peak = 837.898 ; gain = 325.496
---------------------------------------------------------------------------------
---------------------------------------------------------------------------------
Start Loading Part and Timing Information
---------------------------------------------------------------------------------
Loading part: xc7a100tcsg324-1
---------------------------------------------------------------------------------
Finished Loading Part and Timing Information : Time (s): cpu = 00:00:11 ; elapsed = 00:00:12 . Memory (MB): peak = 837.898 ; gain = 325.496
---------------------------------------------------------------------------------
---------------------------------------------------------------------------------
Start Applying 'set_property' XDC Constraints
---------------------------------------------------------------------------------
---------------------------------------------------------------------------------
Finished applying 'set_property' XDC Constraints : Time (s): cpu = 00:00:11 ; elapsed = 00:00:12 . Memory (MB): peak = 837.898 ; gain = 325.496
---------------------------------------------------------------------------------
---------------------------------------------------------------------------------
Finished RTL Optimization Phase 2 : Time (s): cpu = 00:00:11 ; elapsed = 00:00:12 . Memory (MB): peak = 837.898 ; gain = 325.496
---------------------------------------------------------------------------------

Report RTL Partitions: 
+-+--------------+------------+----------+
| |RTL Partition |Replication |Instances |
+-+--------------+------------+----------+
+-+--------------+------------+----------+
---------------------------------------------------------------------------------
Start RTL Component Statistics 
---------------------------------------------------------------------------------
Detailed RTL Component Info : 
+---Adders : 
	   2 Input      8 Bit       Adders := 1     
+---Registers : 
	                8 Bit    Registers := 1     
---------------------------------------------------------------------------------
Finished RTL Component Statistics 
---------------------------------------------------------------------------------
---------------------------------------------------------------------------------
Start RTL Hierarchical Component Statistics 
---------------------------------------------------------------------------------
Hierarchical RTL Component report 
Module cnt 
Detailed RTL Component Info : 
+---Adders : 
	   2 Input      8 Bit       Adders := 1     
+---Registers : 
	                8 Bit    Registers := 1     
---------------------------------------------------------------------------------
Finished RTL Hierarchical Component Statistics
---------------------------------------------------------------------------------
---------------------------------------------------------------------------------
Start Part Resource Summary
---------------------------------------------------------------------------------
Part Resources:
DSPs: 240 (col length:80)
BRAMs: 270 (col length: RAMB18 80 RAMB36 40)
---------------------------------------------------------------------------------
Finished Part Resource Summary
---------------------------------------------------------------------------------
---------------------------------------------------------------------------------
Start Cross Boundary and Area Optimization
---------------------------------------------------------------------------------
Warning: Parallel synthesis criteria is not met 
---------------------------------------------------------------------------------
Finished Cross Boundary and Area Optimization : Time (s): cpu = 00:00:12 ; elapsed = 00:00:13 . Memory (MB): peak = 837.898 ; gain = 325.496
---------------------------------------------------------------------------------

Report RTL Partitions: 
+-+--------------+------------+----------+
| |RTL Partition |Replication |Instances |
+-+--------------+------------+----------+
+-+--------------+------------+----------+
---------------------------------------------------------------------------------
Start Applying XDC Timing Constraints
---------------------------------------------------------------------------------
---------------------------------------------------------------------------------
Finished Applying XDC Timing Constraints : Time (s): cpu = 00:00:20 ; elapsed = 00:00:21 . Memory (MB): peak = 837.898 ; gain = 325.496
---------------------------------------------------------------------------------
---------------------------------------------------------------------------------
Start Timing Optimization
---------------------------------------------------------------------------------
---------------------------------------------------------------------------------
Finished Timing Optimization : Time (s): cpu = 00:00:20 ; elapsed = 00:00:21 . Memory (MB): peak = 837.898 ; gain = 325.496
---------------------------------------------------------------------------------

Report RTL Partitions: 
+-+--------------+------------+----------+
| |RTL Partition |Replication |Instances |
+-+--------------+------------+----------+
+-+--------------+------------+----------+
---------------------------------------------------------------------------------
Start Technology Mapping
---------------------------------------------------------------------------------
---------------------------------------------------------------------------------
Finished Technology Mapping : Time (s): cpu = 00:00:20 ; elapsed = 00:00:21 . Memory (MB): peak = 854.305 ; gain = 341.902
---------------------------------------------------------------------------------

Report RTL Partitions: 
+-+--------------+------------+----------+
| |RTL Partition |Replication |Instances |
+-+--------------+------------+----------+
+-+--------------+------------+----------+
---------------------------------------------------------------------------------
Start IO Insertion
---------------------------------------------------------------------------------
---------------------------------------------------------------------------------
Start Flattening Before IO Insertion
---------------------------------------------------------------------------------
---------------------------------------------------------------------------------
Finished Flattening Before IO Insertion
---------------------------------------------------------------------------------
---------------------------------------------------------------------------------
Start Final Netlist Cleanup
---------------------------------------------------------------------------------
---------------------------------------------------------------------------------
Finished Final Netlist Cleanup
---------------------------------------------------------------------------------
---------------------------------------------------------------------------------
Finished IO Insertion : Time (s): cpu = 00:00:22 ; elapsed = 00:00:24 . Memory (MB): peak = 860.090 ; gain = 347.688
---------------------------------------------------------------------------------

Report Check Netlist: 
+------+------------------+-------+---------+-------+------------------+
|      |Item              |Errors |Warnings |Status |Description       |
+------+------------------+-------+---------+-------+------------------+
|1     |multi_driven_nets |      0|        0|Passed |Multi driven nets |
+------+------------------+-------+---------+-------+------------------+
---------------------------------------------------------------------------------
Start Renaming Generated Instances
---------------------------------------------------------------------------------
---------------------------------------------------------------------------------
Finished Renaming Generated Instances : Time (s): cpu = 00:00:22 ; elapsed = 00:00:24 . Memory (MB): peak = 860.090 ; gain = 347.688
---------------------------------------------------------------------------------

Report RTL Partitions: 
+-+--------------+------------+----------+
| |RTL Partition |Replication |Instances |
+-+--------------+------------+----------+
+-+--------------+------------+----------+
---------------------------------------------------------------------------------
Start Rebuilding User Hierarchy
---------------------------------------------------------------------------------
---------------------------------------------------------------------------------
Finished Rebuilding User Hierarchy : Time (s): cpu = 00:00:22 ; elapsed = 00:00:24 . Memory (MB): peak = 860.090 ; gain = 347.688
---------------------------------------------------------------------------------
---------------------------------------------------------------------------------
Start Renaming Generated Ports
---------------------------------------------------------------------------------
---------------------------------------------------------------------------------
Finished Renaming Generated Ports : Time (s): cpu = 00:00:22 ; elapsed = 00:00:24 . Memory (MB): peak = 860.090 ; gain = 347.688
---------------------------------------------------------------------------------
---------------------------------------------------------------------------------
Start Handling Custom Attributes
---------------------------------------------------------------------------------
---------------------------------------------------------------------------------
Finished Handling Custom Attributes : Time (s): cpu = 00:00:22 ; elapsed = 00:00:24 . Memory (MB): peak = 860.090 ; gain = 347.688
---------------------------------------------------------------------------------
---------------------------------------------------------------------------------
Start Renaming Generated Nets
---------------------------------------------------------------------------------
---------------------------------------------------------------------------------
Finished Renaming Generated Nets : Time (s): cpu = 00:00:22 ; elapsed = 00:00:24 . Memory (MB): peak = 860.090 ; gain = 347.688
---------------------------------------------------------------------------------
---------------------------------------------------------------------------------
Start Writing Synthesis Report
---------------------------------------------------------------------------------

Report BlackBoxes: 
+-+--------------+----------+
| |BlackBox name |Instances |
+-+--------------+----------+
+-+--------------+----------+

Report Cell Usage: 
+------+-----+------+
|      |Cell |Count |
+------+-----+------+
|1     |BUFG |     1|
|2     |LUT1 |     1|
|3     |LUT2 |     2|
|4     |LUT3 |     3|
|5     |LUT4 |     1|
|6     |LUT5 |     1|
|7     |LUT6 |     2|
|8     |FDRE |     8|
|9     |IBUF |     1|
|10    |OBUF |     8|
+------+-----+------+

Report Instance Areas: 
+------+---------+-------+------+
|      |Instance |Module |Cells |
+------+---------+-------+------+
|1     |top      |       |    28|
+------+---------+-------+------+
---------------------------------------------------------------------------------
Finished Writing Synthesis Report : Time (s): cpu = 00:00:22 ; elapsed = 00:00:24 . Memory (MB): peak = 860.090 ; gain = 347.688
---------------------------------------------------------------------------------
Synthesis finished with 0 errors, 0 critical warnings and 0 warnings.
Synthesis Optimization Runtime : Time (s): cpu = 00:00:16 ; elapsed = 00:00:21 . Memory (MB): peak = 860.090 ; gain = 265.109
Synthesis Optimization Complete : Time (s): cpu = 00:00:23 ; elapsed = 00:00:24 . Memory (MB): peak = 860.090 ; gain = 347.688
INFO: [Project 1-571] Translating synthesized netlist
INFO: [Project 1-570] Preparing netlist for logic optimization
INFO: [Opt 31-138] Pushed 0 inverter(s) to 0 load pin(s).
Netlist sorting complete. Time (s): cpu = 00:00:00 ; elapsed = 00:00:00 . Memory (MB): peak = 880.742 ; gain = 0.000
INFO: [Project 1-111] Unisim Transformation Summary:
No Unisim elements were transformed.

INFO: [Common 17-83] Releasing license: Synthesis
13 Infos, 100 Warnings, 100 Critical Warnings and 0 Errors encountered.
synth_design completed successfully
synth_design: Time (s): cpu = 00:00:29 ; elapsed = 00:00:30 . Memory (MB): peak = 880.742 ; gain = 589.965
Netlist sorting complete. Time (s): cpu = 00:00:00 ; elapsed = 00:00:00 . Memory (MB): peak = 880.742 ; gain = 0.000
WARNING: [Constraints 18-5210] No constraints selected for write.
Resolution: This message can indicate that there are no constraints for the design, or it can indicate that the used_in flags are set such that the constraints are ignored. This later case is used when running synth_design to not write synthesis constraints to the resulting checkpoint. Instead, project constraints are read when the synthesized design is opened.
INFO: [Common 17-1381] The checkpoint 'H:/magic_code/lab6_3/lab6_3.runs/synth_1/cnt.dcp' has been generated.
INFO: [runtcl-4] Executing : report_utilization -file cnt_utilization_synth.rpt -pb cnt_utilization_synth.pb
INFO: [Common 17-206] Exiting Vivado at Fri Nov  8 18:37:49 2019...
